<?xml version="1.0" encoding="UTF-8"?>
<testng-results ignored="0" total="1" passed="1" failed="0" skipped="0">
  <reporter-output>
  </reporter-output>
  <suite started-at="2021-06-01T16:37:51 IST" name="Suite" finished-at="2021-06-01T16:38:23 IST" duration-ms="32051">
    <groups>
    </groups>
    <test started-at="2021-06-01T16:37:51 IST" name="Test" finished-at="2021-06-01T16:38:23 IST" duration-ms="32051">
      <class name="testMain.TalentTrackingTC">
        <test-method is-config="true" signature="setup(java.lang.String)[pri:0, instance:testMain.TalentTrackingTC@62727399]" started-at="2021-06-01T16:37:51 IST" name="setup" finished-at="2021-06-01T16:37:51 IST" duration-ms="8" status="PASS">
          <params>
            <param index="0">
              <value>
                <![CDATA[qa]]>
              </value>
            </param>
          </params>
          <reporter-output>
          </reporter-output>
        </test-method> <!-- setup -->
        <test-method signature="TalentTrackingLogin(java.lang.String,java.lang.String)[pri:1, instance:testMain.TalentTrackingTC@62727399]" started-at="2021-06-01T16:37:51 IST" name="TalentTrackingLogin" finished-at="2021-06-01T16:38:03 IST" duration-ms="11340" status="PASS">
          <params>
            <param index="0">
              <value>
                <![CDATA[pursuitsoftwaredevelopmentpvt@isvedition.org.dev4]]>
              </value>
            </param>
            <param index="1">
              <value>
                <![CDATA[Pursuit##DEV4]]>
              </value>
            </param>
          </params>
          <reporter-output>
          </reporter-output>
        </test-method> <!-- TalentTrackingLogin -->
        <test-method is-config="true" signature="tearDown()[pri:0, instance:testMain.TalentTrackingTC@62727399]" started-at="2021-06-01T16:38:23 IST" name="tearDown" finished-at="2021-06-01T16:38:24 IST" duration-ms="822" status="PASS">
          <reporter-output>
          </reporter-output>
        </test-method> <!-- tearDown -->
      </class> <!-- testMain.TalentTrackingTC -->
    </test> <!-- Test -->
  </suite> <!-- Suite -->
</testng-results>
